<?xml version="1.0" encoding="UTF-8"?>
<testng-results ignored="0" total="1" passed="1" failed="0" skipped="0">
  <reporter-output>
  </reporter-output>
  <suite started-at="2026-02-23T19:22:31 IST" name="Default suite" finished-at="2026-02-23T19:22:31 IST" duration-ms="55">
    <groups>
    </groups>
    <test started-at="2026-02-23T19:22:31 IST" name="Default test" finished-at="2026-02-23T19:22:31 IST" duration-ms="55">
      <class name="testdemo.googlelogin">
        <test-method signature="verifygoogletest()[pri:0, instance:testdemo.googlelogin@55634720]" started-at="2026-02-23T19:22:31 IST" name="verifygoogletest" finished-at="2026-02-23T19:22:31 IST" duration-ms="13" status="PASS">
          <reporter-output>
          </reporter-output>
        </test-method> <!-- verifygoogletest -->
      </class> <!-- testdemo.googlelogin -->
    </test> <!-- Default test -->
  </suite> <!-- Default suite -->
</testng-results>
